{"name": "test_enterDetails", "status": "broken", "statusDetails": {"message": "selenium.common.exceptions.SeleniumManagerException: Message: Selenium Manager failed for: C:\\Users\\vs34\\AppData\\Local\\Programs\\Python\\Python311\\Lib\\site-packages\\selenium\\webdriver\\common\\windows\\selenium-manager.exe --browser chrome --output json.\nThe chromedriver version cannot be discovered", "trace": "request = <SubRequest 'beforeClass' for <TestCaseFunction test_enterDetails>>\n\n    @pytest.fixture(scope='class')\n    def beforeClass(request):\n        print('Before Class')\n        driver1 = WebDriverClass()\n>       driver = driver1.get_web_driver(\"chrome\")\n\nconftest.py:10: \n_ _ _ _ _ _ _ _ _ _ _ _ _ _ _ _ _ _ _ _ _ _ _ _ _ _ _ _ _ _ _ _ _ _ _ _ _ _ _ _\n..\\base\\DriverClass.py:8: in get_web_driver\n    driver = webdriver.Chrome()\n..\\..\\..\\..\\AppData\\Local\\Programs\\Python\\Python311\\Lib\\site-packages\\selenium\\webdriver\\chrome\\webdriver.py:82: in __init__\n    service.path = DriverFinder.get_path(service, options)\n..\\..\\..\\..\\AppData\\Local\\Programs\\Python\\Python311\\Lib\\site-packages\\selenium\\webdriver\\common\\driver_finder.py:43: in get_path\n    raise err\n..\\..\\..\\..\\AppData\\Local\\Programs\\Python\\Python311\\Lib\\site-packages\\selenium\\webdriver\\common\\driver_finder.py:40: in get_path\n    path = shutil.which(service.path) or SeleniumManager().driver_location(options)\n..\\..\\..\\..\\AppData\\Local\\Programs\\Python\\Python311\\Lib\\site-packages\\selenium\\webdriver\\common\\selenium_manager.py:101: in driver_location\n    result = self.run(args)\n_ _ _ _ _ _ _ _ _ _ _ _ _ _ _ _ _ _ _ _ _ _ _ _ _ _ _ _ _ _ _ _ _ _ _ _ _ _ _ _\n\nargs = ['C:\\\\Users\\\\vs34\\\\AppData\\\\Local\\\\Programs\\\\Python\\\\Python311\\\\Lib\\\\site-packages\\\\selenium\\\\webdriver\\\\common\\\\windows\\\\selenium-manager.exe', '--browser', 'chrome', '--output', 'json']\n\n    @staticmethod\n    def run(args: List[str]) -> str:\n        \"\"\"\n        Executes the Selenium Manager Binary.\n        :Args:\n         - args: the components of the command being executed.\n        :Returns: The log string containing the driver location.\n        \"\"\"\n        command = \" \".join(args)\n        logger.info(f\"Executing: {command}\")\n        completed_proc = subprocess.run(args, stdout=subprocess.PIPE, stderr=subprocess.PIPE)\n        stdout = completed_proc.stdout.decode(\"utf-8\").rstrip(\"\\n\")\n        stderr = completed_proc.stderr.decode(\"utf-8\").rstrip(\"\\n\")\n        output = json.loads(stdout)\n        result = output[\"result\"][\"message\"]\n        if completed_proc.returncode:\n>           raise SeleniumManagerException(f\"Selenium Manager failed for: {command}.\\n{result}{stderr}\")\nE           selenium.common.exceptions.SeleniumManagerException: Message: Selenium Manager failed for: C:\\Users\\vs34\\AppData\\Local\\Programs\\Python\\Python311\\Lib\\site-packages\\selenium\\webdriver\\common\\windows\\selenium-manager.exe --browser chrome --output json.\nE           The chromedriver version cannot be discovered\n\n..\\..\\..\\..\\AppData\\Local\\Programs\\Python\\Python311\\Lib\\site-packages\\selenium\\webdriver\\common\\selenium_manager.py:122: SeleniumManagerException"}, "attachments": [{"name": "log", "source": "3620dfd1-fc22-4f0b-ae27-2ee3531f4e74-attachment.txt", "type": "text/plain"}, {"name": "stdout", "source": "adaa5dee-6dbe-4620-a242-f8fa6366432f-attachment.txt", "type": "text/plain"}], "start": 1708586651447, "stop": 1708586651447, "uuid": "4e4babf0-d479-40ab-bb59-374029c46c03", "historyId": "65f21f0a163c9519232dd58cf87ed0cc", "testCaseId": "65f21f0a163c9519232dd58cf87ed0cc", "fullName": "TestSuite.FilterDropdownTest#test_enterDetails", "labels": [{"name": "tag", "value": "run(order=12)"}, {"name": "tag", "value": "@pytest.mark.usefixtures('beforeClass', 'beforeMethod')"}, {"name": "suite", "value": "TestSuite"}, {"name": "subSuite", "value": "FilterDropdownTest"}, {"name": "host", "value": "GESLLR0D3LS8"}, {"name": "thread", "value": "22504-MainThread"}, {"name": "framework", "value": "pytest"}, {"name": "language", "value": "cpython3"}, {"name": "package", "value": "TestSuite"}]}